<?xml version="1.0" encoding="UTF-8"?>
<testsuite name="CalculadoraTest" tests="1" skipped="0" failures="0" errors="0" timestamp="2019-11-20T12:08:19" hostname="Lukao" time="0.032">
  <properties/>
  <testcase name="somarTest()" classname="CalculadoraTest" time="0.032"/>
  <system-out><![CDATA[]]></system-out>
  <system-err><![CDATA[]]></system-err>
</testsuite>
