<?xml version="1.0" encoding="UTF-8"?>
<testsuite name="CaculadoraTest" tests="4" skipped="0" failures="0" errors="0" timestamp="2019-09-04T12:04:11" hostname="Lukao" time="0.021">
  <properties/>
  <testcase name="dividirTest()" classname="CaculadoraTest" time="0.013"/>
  <testcase name="multiplicarTest()" classname="CaculadoraTest" time="0.001"/>
  <testcase name="somarTest()" classname="CaculadoraTest" time="0.001"/>
  <testcase name="subtrairTest()" classname="CaculadoraTest" time="0.001"/>
  <system-out><![CDATA[]]></system-out>
  <system-err><![CDATA[]]></system-err>
</testsuite>
