<?xml version="1.0" encoding="UTF-8"?>
<testsuite name="UsuarioTest" tests="2" skipped="0" failures="0" errors="0" timestamp="2019-10-21T11:48:03" hostname="Lukao" time="0.02">
  <properties/>
  <testcase name="buscarTest1()" classname="UsuarioTest" time="0.017"/>
  <testcase name="buscarTest2()" classname="UsuarioTest" time="0.001"/>
  <system-out><![CDATA[]]></system-out>
  <system-err><![CDATA[]]></system-err>
</testsuite>
