<?xml version="1.0" encoding="UTF-8"?>
<testsuite name="calculadoraTest" tests="22" skipped="0" failures="0" errors="0" timestamp="2019-11-03T15:26:48" hostname="Lukao" time="0.174">
  <properties/>
  <testcase name="quadradoTest(int)[1]" classname="calculadoraTest" time="0.037"/>
  <testcase name="quadradoTest(int)[2]" classname="calculadoraTest" time="0.001"/>
  <testcase name="quadradoTest(int)[3]" classname="calculadoraTest" time="0.001"/>
  <testcase name="quadradoTest(int)[4]" classname="calculadoraTest" time="0.004"/>
  <testcase name="quadradoTest(int)[5]" classname="calculadoraTest" time="0.002"/>
  <testcase name="quadradoTest(int)[6]" classname="calculadoraTest" time="0.001"/>
  <testcase name="quadradoTest(int)[7]" classname="calculadoraTest" time="0.001"/>
  <testcase name="quadradoTest(int)[8]" classname="calculadoraTest" time="0.001"/>
  <testcase name="quadradoTest(int)[9]" classname="calculadoraTest" time="0.0"/>
  <testcase name="quadradoTest(int)[10]" classname="calculadoraTest" time="0.001"/>
  <testcase name="multiplicaTest(int, int)[1]" classname="calculadoraTest" time="0.002"/>
  <testcase name="multiplicaTest(int, int)[2]" classname="calculadoraTest" time="0.0"/>
  <testcase name="multiplicaTest(int, int)[3]" classname="calculadoraTest" time="0.001"/>
  <testcase name="multiplicaTest(int, int)[4]" classname="calculadoraTest" time="0.0"/>
  <testcase name="subtrairTest(int, int)[1]" classname="calculadoraTest" time="0.001"/>
  <testcase name="subtrairTest(int, int)[2]" classname="calculadoraTest" time="0.002"/>
  <testcase name="subtrairTest(int, int)[3]" classname="calculadoraTest" time="0.001"/>
  <testcase name="subtrairTest(int, int)[4]" classname="calculadoraTest" time="0.001"/>
  <testcase name="somaTest(int, int)[1]" classname="calculadoraTest" time="0.001"/>
  <testcase name="somaTest(int, int)[2]" classname="calculadoraTest" time="0.002"/>
  <testcase name="somaTest(int, int)[3]" classname="calculadoraTest" time="0.001"/>
  <testcase name="somaTest(int, int)[4]" classname="calculadoraTest" time="0.001"/>
  <system-out><![CDATA[]]></system-out>
  <system-err><![CDATA[]]></system-err>
</testsuite>
