<?xml version="1.0" encoding="UTF-8"?>
<testsuite name="controller.HttpServletBasicoTest" tests="1" skipped="0" failures="0" errors="0" timestamp="2019-11-13T12:09:46" hostname="Lukao" time="1.094">
  <properties/>
  <testcase name="doPostTest()" classname="controller.HttpServletBasicoTest" time="1.094"/>
  <system-out><![CDATA[]]></system-out>
  <system-err><![CDATA[]]></system-err>
</testsuite>
